  Renderer.cpp
C:\Users\Xinyue54321\source\repos\zuoye2\zuoye7\global.hpp(19,46): warning C4244: “=”: 从“double”转换到“float”，可能丢失数据
C:\Users\Xinyue54321\source\repos\zuoye2\zuoye7\global.hpp(21,17): warning C4244: “初始化”: 从“double”转换到“float”，可能丢失数据
C:\Users\Xinyue54321\source\repos\zuoye2\zuoye7\global.hpp(45,13): warning C4244: “初始化”: 从“float”转换到“int”，可能丢失数据
C:\Users\Xinyue54321\source\repos\zuoye2\zuoye7\Ray.hpp(16,68): warning C4244: “参数”: 从“double”转换到“float”，可能丢失数据
C:\Users\Xinyue54321\source\repos\zuoye2\zuoye7\Ray.hpp(16,52): warning C4244: “参数”: 从“double”转换到“float”，可能丢失数据
C:\Users\Xinyue54321\source\repos\zuoye2\zuoye7\Ray.hpp(16,36): warning C4244: “参数”: 从“double”转换到“float”，可能丢失数据
C:\Users\Xinyue54321\source\repos\zuoye2\zuoye7\Ray.hpp(22,65): warning C4244: “参数”: 从“double”转换到“const float”，可能丢失数据
C:\Users\Xinyue54321\source\repos\zuoye2\zuoye7\Bounds3.hpp(20,41): warning C4244: “参数”: 从“double”转换到“float”，可能丢失数据
C:\Users\Xinyue54321\source\repos\zuoye2\zuoye7\Bounds3.hpp(20,33): warning C4244: “参数”: 从“double”转换到“float”，可能丢失数据
C:\Users\Xinyue54321\source\repos\zuoye2\zuoye7\Bounds3.hpp(20,25): warning C4244: “参数”: 从“double”转换到“float”，可能丢失数据
C:\Users\Xinyue54321\source\repos\zuoye2\zuoye7\Bounds3.hpp(21,41): warning C4244: “参数”: 从“double”转换到“float”，可能丢失数据
C:\Users\Xinyue54321\source\repos\zuoye2\zuoye7\Bounds3.hpp(21,33): warning C4244: “参数”: 从“double”转换到“float”，可能丢失数据
C:\Users\Xinyue54321\source\repos\zuoye2\zuoye7\Bounds3.hpp(21,25): warning C4244: “参数”: 从“double”转换到“float”，可能丢失数据
C:\Users\Xinyue54321\source\repos\zuoye2\zuoye7\Scene.hpp(23,60): warning C4305: “参数”: 从“double”到“float”截断
C:\Users\Xinyue54321\source\repos\zuoye2\zuoye7\Scene.hpp(23,51): warning C4305: “参数”: 从“double”到“float”截断
C:\Users\Xinyue54321\source\repos\zuoye2\zuoye7\Scene.hpp(23,41): warning C4305: “参数”: 从“double”到“float”截断
C:\Users\Xinyue54321\source\repos\zuoye2\zuoye7\Renderer.cpp(10,60): warning C4244: “return”: 从“double”转换到“float”，可能丢失数据
C:\Users\Xinyue54321\source\repos\zuoye2\zuoye7\Renderer.cpp(12,23): warning C4305: “初始化”: 从“double”到“float”截断
C:\Users\Xinyue54321\source\repos\zuoye2\zuoye7\Renderer.cpp(112,41): warning C4244: “参数”: 从“double”转换到“const float”，可能丢失数据
C:\Users\Xinyue54321\source\repos\zuoye2\zuoye7\Renderer.cpp(121,28): warning C4018: “<”: 有符号/无符号不匹配
C:\Users\Xinyue54321\source\repos\zuoye2\zuoye7\Renderer.cpp(122,32): warning C4018: “<”: 有符号/无符号不匹配
C:\Users\Xinyue54321\source\repos\zuoye2\zuoye7\Renderer.cpp(124,21): warning C4244: “初始化”: 从“double”转换到“float”，可能丢失数据
C:\Users\Xinyue54321\source\repos\zuoye2\zuoye7\Renderer.cpp(126,21): warning C4244: “初始化”: 从“double”转换到“float”，可能丢失数据
  zuoye7.vcxproj -> C:\Users\Xinyue54321\source\repos\zuoye2\x64\Debug\zuoye7.exe
